<?xml version="1.0" encoding="UTF-8"?>
<testng-results skipped="0" failed="0" total="4" passed="4">
  <reporter-output>
  </reporter-output>
  <suite name="Default suite" duration-ms="22" started-at="2014-08-12T14:02:11Z" finished-at="2014-08-12T14:02:11Z">
    <groups>
    </groups>
    <test name="Default test" duration-ms="22" started-at="2014-08-12T14:02:11Z" finished-at="2014-08-12T14:02:11Z">
      <class name="com.atmecs.com.atmecs.ReportCreator.TestClass">
        <test-method status="PASS" signature="test2()[pri:0, instance:com.atmecs.com.atmecs.ReportCreator.TestClass@1bb41390]" name="test2" duration-ms="9" started-at="2014-08-12T19:32:11Z" finished-at="2014-08-12T19:32:11Z">
          <reporter-output>
          </reporter-output>
        </test-method> <!-- test2 -->
        <test-method status="PASS" signature="test3()[pri:0, instance:com.atmecs.com.atmecs.ReportCreator.TestClass@1bb41390]" name="test3" duration-ms="1" started-at="2014-08-12T19:32:11Z" finished-at="2014-08-12T19:32:11Z">
          <reporter-output>
          </reporter-output>
        </test-method> <!-- test3 -->
        <test-method status="PASS" signature="test4()[pri:0, instance:com.atmecs.com.atmecs.ReportCreator.TestClass@1bb41390]" name="test4" duration-ms="0" started-at="2014-08-12T19:32:11Z" finished-at="2014-08-12T19:32:11Z">
          <reporter-output>
          </reporter-output>
        </test-method> <!-- test4 -->
        <test-method status="PASS" signature="testmethod()[pri:0, instance:com.atmecs.com.atmecs.ReportCreator.TestClass@1bb41390]" name="testmethod" duration-ms="0" started-at="2014-08-12T19:32:11Z" finished-at="2014-08-12T19:32:11Z">
          <reporter-output>
          </reporter-output>
        </test-method> <!-- testmethod -->
      </class> <!-- com.atmecs.com.atmecs.ReportCreator.TestClass -->
    </test> <!-- Default test -->
  </suite> <!-- Default suite -->
</testng-results>
