<?xml version="1.0" encoding="UTF-8"?>
<testng-results skipped="0" failed="0" total="1" passed="1">
  <reporter-output>
  </reporter-output>
  <suite name="Default suite" duration-ms="18" started-at="2014-08-05T11:07:31Z" finished-at="2014-08-05T11:07:31Z">
    <groups>
    </groups>
    <test name="Default test" duration-ms="18" started-at="2014-08-05T11:07:31Z" finished-at="2014-08-05T11:07:31Z">
      <class name="com.atmecs.com.atmecs.ReportCreator.Main">
        <test-method status="PASS" signature="main()[pri:0, instance:com.atmecs.com.atmecs.ReportCreator.Main@e0340d1]" name="main" duration-ms="9" started-at="2014-08-05T16:37:31Z" finished-at="2014-08-05T16:37:31Z">
          <reporter-output>
          </reporter-output>
        </test-method> <!-- main -->
      </class> <!-- com.atmecs.com.atmecs.ReportCreator.Main -->
    </test> <!-- Default test -->
  </suite> <!-- Default suite -->
</testng-results>
